C:\Projects\WC360\WC360\dist\out-tsc\src\app\app.component.js
C:\Projects\WC360\WC360\dist\out-tsc\src\app\app.component.js.map
C:\Projects\WC360\WC360\dist\out-tsc\src\models\Bet.js
C:\Projects\WC360\WC360\dist\out-tsc\src\models\Bet.js.map
C:\Projects\WC360\WC360\dist\out-tsc\src\models\Player.js
C:\Projects\WC360\WC360\dist\out-tsc\src\models\Player.js.map
C:\Projects\WC360\WC360\dist\out-tsc\src\authservice\auth.service.js
C:\Projects\WC360\WC360\dist\out-tsc\src\authservice\auth.service.js.map
C:\Projects\WC360\WC360\dist\out-tsc\src\fixture\fixture.component.js
C:\Projects\WC360\WC360\dist\out-tsc\src\fixture\fixture.component.js.map
C:\Projects\WC360\WC360\dist\out-tsc\src\models\Team.js
C:\Projects\WC360\WC360\dist\out-tsc\src\models\Team.js.map
C:\Projects\WC360\WC360\dist\out-tsc\src\models\Fixture.js
C:\Projects\WC360\WC360\dist\out-tsc\src\models\Fixture.js.map
C:\Projects\WC360\WC360\dist\out-tsc\src\round\round.component.js
C:\Projects\WC360\WC360\dist\out-tsc\src\round\round.component.js.map
C:\Projects\WC360\WC360\dist\out-tsc\src\navmenu\navmenu.component.js
C:\Projects\WC360\WC360\dist\out-tsc\src\navmenu\navmenu.component.js.map
C:\Projects\WC360\WC360\dist\out-tsc\src\models\Round.js
C:\Projects\WC360\WC360\dist\out-tsc\src\models\Round.js.map
C:\Projects\WC360\WC360\dist\out-tsc\src\home\home.component.js
C:\Projects\WC360\WC360\dist\out-tsc\src\home\home.component.js.map
C:\Projects\WC360\WC360\dist\out-tsc\src\ranking\ranking.component.js
C:\Projects\WC360\WC360\dist\out-tsc\src\ranking\ranking.component.js.map
C:\Projects\WC360\WC360\dist\out-tsc\src\bet\bet.component.js
C:\Projects\WC360\WC360\dist\out-tsc\src\bet\bet.component.js.map
C:\Projects\WC360\WC360\dist\out-tsc\src\authservice\token.interceptor.js
C:\Projects\WC360\WC360\dist\out-tsc\src\authservice\token.interceptor.js.map
C:\Projects\WC360\WC360\dist\out-tsc\src\login\login.component.js
C:\Projects\WC360\WC360\dist\out-tsc\src\login\login.component.js.map
C:\Projects\WC360\WC360\dist\out-tsc\src\authservice\loginactivate.guard.js
C:\Projects\WC360\WC360\dist\out-tsc\src\authservice\loginactivate.guard.js.map
C:\Projects\WC360\WC360\dist\out-tsc\src\bet\roundteam\roundteam.component.js
C:\Projects\WC360\WC360\dist\out-tsc\src\bet\roundteam\roundteam.component.js.map
C:\Projects\WC360\WC360\dist\out-tsc\src\bet\winnerteam\winnerteam.component.js
C:\Projects\WC360\WC360\dist\out-tsc\src\bet\winnerteam\winnerteam.component.js.map
C:\Projects\WC360\WC360\dist\out-tsc\src\bet\qualifteam\qualifteam.component.js
C:\Projects\WC360\WC360\dist\out-tsc\src\bet\qualifteam\qualifteam.component.js.map
C:\Projects\WC360\WC360\dist\out-tsc\src\app\app.module.js
C:\Projects\WC360\WC360\dist\out-tsc\src\app\app.module.js.map
C:\Projects\WC360\WC360\dist\out-tsc\src\environments\environment.js
C:\Projects\WC360\WC360\dist\out-tsc\src\environments\environment.js.map
C:\Projects\WC360\WC360\dist\out-tsc\src\main.js
C:\Projects\WC360\WC360\dist\out-tsc\src\main.js.map
C:\Projects\WC360\WC360\dist\out-tsc\src\polyfills.js
C:\Projects\WC360\WC360\dist\out-tsc\src\polyfills.js.map
C:\Projects\WC360\WC360\dist\out-tsc\src\test.js
C:\Projects\WC360\WC360\dist\out-tsc\src\test.js.map
C:\Projects\WC360\WC360\dist\out-tsc\src\environments\environment.prod.js
C:\Projects\WC360\WC360\dist\out-tsc\src\environments\environment.prod.js.map
C:\Projects\WC360\WC360\dist\out-tsc\src\app\app.component.spec.js
C:\Projects\WC360\WC360\dist\out-tsc\src\app\app.component.spec.js.map
C:\Projects\WC360\WC360\dist\out-tsc\e2e\src\app.po.js
C:\Projects\WC360\WC360\dist\out-tsc\e2e\src\app.po.js.map
C:\Projects\WC360\WC360\dist\out-tsc\e2e\src\app.e2e-spec.js
C:\Projects\WC360\WC360\dist\out-tsc\e2e\src\app.e2e-spec.js.map
C:\Projects\WC360\WC360\dist\out-tsc\src\app\app.component.js
C:\Projects\WC360\WC360\dist\out-tsc\src\app\app.component.js.map
C:\Projects\WC360\WC360\dist\out-tsc\src\models\Bet.js
C:\Projects\WC360\WC360\dist\out-tsc\src\models\Bet.js.map
C:\Projects\WC360\WC360\dist\out-tsc\src\models\Player.js
C:\Projects\WC360\WC360\dist\out-tsc\src\models\Player.js.map
C:\Projects\WC360\WC360\dist\out-tsc\src\authservice\auth.service.js
C:\Projects\WC360\WC360\dist\out-tsc\src\authservice\auth.service.js.map
C:\Projects\WC360\WC360\dist\out-tsc\src\fixture\fixture.component.js
C:\Projects\WC360\WC360\dist\out-tsc\src\fixture\fixture.component.js.map
C:\Projects\WC360\WC360\dist\out-tsc\src\models\Team.js
C:\Projects\WC360\WC360\dist\out-tsc\src\models\Team.js.map
C:\Projects\WC360\WC360\dist\out-tsc\src\models\Fixture.js
C:\Projects\WC360\WC360\dist\out-tsc\src\models\Fixture.js.map
C:\Projects\WC360\WC360\dist\out-tsc\src\round\round.component.js
C:\Projects\WC360\WC360\dist\out-tsc\src\round\round.component.js.map
C:\Projects\WC360\WC360\dist\out-tsc\src\navmenu\navmenu.component.js
C:\Projects\WC360\WC360\dist\out-tsc\src\navmenu\navmenu.component.js.map
C:\Projects\WC360\WC360\dist\out-tsc\src\models\Round.js
C:\Projects\WC360\WC360\dist\out-tsc\src\models\Round.js.map
C:\Projects\WC360\WC360\dist\out-tsc\src\home\home.component.js
C:\Projects\WC360\WC360\dist\out-tsc\src\home\home.component.js.map
C:\Projects\WC360\WC360\dist\out-tsc\src\ranking\ranking.component.js
C:\Projects\WC360\WC360\dist\out-tsc\src\ranking\ranking.component.js.map
C:\Projects\WC360\WC360\dist\out-tsc\src\bet\bet.component.js
C:\Projects\WC360\WC360\dist\out-tsc\src\bet\bet.component.js.map
C:\Projects\WC360\WC360\dist\out-tsc\src\authservice\token.interceptor.js
C:\Projects\WC360\WC360\dist\out-tsc\src\authservice\token.interceptor.js.map
C:\Projects\WC360\WC360\dist\out-tsc\src\login\login.component.js
C:\Projects\WC360\WC360\dist\out-tsc\src\login\login.component.js.map
C:\Projects\WC360\WC360\dist\out-tsc\src\authservice\loginactivate.guard.js
C:\Projects\WC360\WC360\dist\out-tsc\src\authservice\loginactivate.guard.js.map
C:\Projects\WC360\WC360\dist\out-tsc\src\bet\roundteam\roundteam.component.js
C:\Projects\WC360\WC360\dist\out-tsc\src\bet\roundteam\roundteam.component.js.map
C:\Projects\WC360\WC360\dist\out-tsc\src\bet\winnerteam\winnerteam.component.js
C:\Projects\WC360\WC360\dist\out-tsc\src\bet\winnerteam\winnerteam.component.js.map
C:\Projects\WC360\WC360\dist\out-tsc\src\bet\qualifteam\qualifteam.component.js
C:\Projects\WC360\WC360\dist\out-tsc\src\bet\qualifteam\qualifteam.component.js.map
C:\Projects\WC360\WC360\dist\out-tsc\src\app\app.module.js
C:\Projects\WC360\WC360\dist\out-tsc\src\app\app.module.js.map
C:\Projects\WC360\WC360\dist\out-tsc\src\environments\environment.js
C:\Projects\WC360\WC360\dist\out-tsc\src\environments\environment.js.map
C:\Projects\WC360\WC360\dist\out-tsc\src\main.js
C:\Projects\WC360\WC360\dist\out-tsc\src\main.js.map
C:\Projects\WC360\WC360\dist\out-tsc\src\polyfills.js
C:\Projects\WC360\WC360\dist\out-tsc\src\polyfills.js.map
C:\Projects\WC360\WC360\dist\out-tsc\src\test.js
C:\Projects\WC360\WC360\dist\out-tsc\src\test.js.map
C:\Projects\WC360\WC360\dist\out-tsc\src\environments\environment.prod.js
C:\Projects\WC360\WC360\dist\out-tsc\src\environments\environment.prod.js.map
C:\Projects\WC360\WC360\dist\out-tsc\src\app\app.component.spec.js
C:\Projects\WC360\WC360\dist\out-tsc\src\app\app.component.spec.js.map
C:\Projects\WC360\WC360\dist\out-tsc\e2e\src\app.po.js
C:\Projects\WC360\WC360\dist\out-tsc\e2e\src\app.po.js.map
C:\Projects\WC360\WC360\dist\out-tsc\e2e\src\app.e2e-spec.js
C:\Projects\WC360\WC360\dist\out-tsc\e2e\src\app.e2e-spec.js.map
C:\Projects\WC360\WC360\dist\out-tsc\src\app\app.component.js
C:\Projects\WC360\WC360\dist\out-tsc\src\app\app.component.js.map
C:\Projects\WC360\WC360\dist\out-tsc\src\models\Bet.js
C:\Projects\WC360\WC360\dist\out-tsc\src\models\Bet.js.map
C:\Projects\WC360\WC360\dist\out-tsc\src\models\Player.js
C:\Projects\WC360\WC360\dist\out-tsc\src\models\Player.js.map
C:\Projects\WC360\WC360\dist\out-tsc\src\authservice\auth.service.js
C:\Projects\WC360\WC360\dist\out-tsc\src\authservice\auth.service.js.map
C:\Projects\WC360\WC360\dist\out-tsc\src\fixture\fixture.component.js
C:\Projects\WC360\WC360\dist\out-tsc\src\fixture\fixture.component.js.map
C:\Projects\WC360\WC360\dist\out-tsc\src\models\Team.js
C:\Projects\WC360\WC360\dist\out-tsc\src\models\Team.js.map
C:\Projects\WC360\WC360\dist\out-tsc\src\models\Fixture.js
C:\Projects\WC360\WC360\dist\out-tsc\src\models\Fixture.js.map
C:\Projects\WC360\WC360\dist\out-tsc\src\round\round.component.js
C:\Projects\WC360\WC360\dist\out-tsc\src\round\round.component.js.map
C:\Projects\WC360\WC360\dist\out-tsc\src\navmenu\navmenu.component.js
C:\Projects\WC360\WC360\dist\out-tsc\src\navmenu\navmenu.component.js.map
C:\Projects\WC360\WC360\dist\out-tsc\src\models\Round.js
C:\Projects\WC360\WC360\dist\out-tsc\src\models\Round.js.map
C:\Projects\WC360\WC360\dist\out-tsc\src\home\home.component.js
C:\Projects\WC360\WC360\dist\out-tsc\src\home\home.component.js.map
C:\Projects\WC360\WC360\dist\out-tsc\src\ranking\ranking.component.js
C:\Projects\WC360\WC360\dist\out-tsc\src\ranking\ranking.component.js.map
C:\Projects\WC360\WC360\dist\out-tsc\src\bet\bet.component.js
C:\Projects\WC360\WC360\dist\out-tsc\src\bet\bet.component.js.map
C:\Projects\WC360\WC360\dist\out-tsc\src\authservice\token.interceptor.js
C:\Projects\WC360\WC360\dist\out-tsc\src\authservice\token.interceptor.js.map
C:\Projects\WC360\WC360\dist\out-tsc\src\login\login.component.js
C:\Projects\WC360\WC360\dist\out-tsc\src\login\login.component.js.map
C:\Projects\WC360\WC360\dist\out-tsc\src\authservice\loginactivate.guard.js
C:\Projects\WC360\WC360\dist\out-tsc\src\authservice\loginactivate.guard.js.map
C:\Projects\WC360\WC360\dist\out-tsc\src\bet\roundteam\roundteam.component.js
C:\Projects\WC360\WC360\dist\out-tsc\src\bet\roundteam\roundteam.component.js.map
C:\Projects\WC360\WC360\dist\out-tsc\src\bet\winnerteam\winnerteam.component.js
C:\Projects\WC360\WC360\dist\out-tsc\src\bet\winnerteam\winnerteam.component.js.map
C:\Projects\WC360\WC360\dist\out-tsc\src\bet\qualifteam\qualifteam.component.js
C:\Projects\WC360\WC360\dist\out-tsc\src\bet\qualifteam\qualifteam.component.js.map
C:\Projects\WC360\WC360\dist\out-tsc\src\app\app.module.js
C:\Projects\WC360\WC360\dist\out-tsc\src\app\app.module.js.map
C:\Projects\WC360\WC360\dist\out-tsc\src\environments\environment.js
C:\Projects\WC360\WC360\dist\out-tsc\src\environments\environment.js.map
C:\Projects\WC360\WC360\dist\out-tsc\src\main.js
C:\Projects\WC360\WC360\dist\out-tsc\src\main.js.map
C:\Projects\WC360\WC360\dist\out-tsc\src\polyfills.js
C:\Projects\WC360\WC360\dist\out-tsc\src\polyfills.js.map
C:\Projects\WC360\WC360\dist\out-tsc\src\test.js
C:\Projects\WC360\WC360\dist\out-tsc\src\test.js.map
C:\Projects\WC360\WC360\dist\out-tsc\src\environments\environment.prod.js
C:\Projects\WC360\WC360\dist\out-tsc\src\environments\environment.prod.js.map
C:\Projects\WC360\WC360\dist\out-tsc\src\app\app.component.spec.js
C:\Projects\WC360\WC360\dist\out-tsc\src\app\app.component.spec.js.map
C:\Projects\WC360\WC360\dist\out-tsc\e2e\src\app.po.js
C:\Projects\WC360\WC360\dist\out-tsc\e2e\src\app.po.js.map
C:\Projects\WC360\WC360\dist\out-tsc\e2e\src\app.e2e-spec.js
C:\Projects\WC360\WC360\dist\out-tsc\e2e\src\app.e2e-spec.js.map
C:\Projects\WC360\WC360\dist\out-tsc\src\app\app.component.js
C:\Projects\WC360\WC360\dist\out-tsc\src\app\app.component.js.map
C:\Projects\WC360\WC360\dist\out-tsc\src\models\Bet.js
C:\Projects\WC360\WC360\dist\out-tsc\src\models\Bet.js.map
C:\Projects\WC360\WC360\dist\out-tsc\src\models\Player.js
C:\Projects\WC360\WC360\dist\out-tsc\src\models\Player.js.map
C:\Projects\WC360\WC360\dist\out-tsc\src\authservice\auth.service.js
C:\Projects\WC360\WC360\dist\out-tsc\src\authservice\auth.service.js.map
C:\Projects\WC360\WC360\dist\out-tsc\src\fixture\fixture.component.js
C:\Projects\WC360\WC360\dist\out-tsc\src\fixture\fixture.component.js.map
C:\Projects\WC360\WC360\dist\out-tsc\src\models\Team.js
C:\Projects\WC360\WC360\dist\out-tsc\src\models\Team.js.map
C:\Projects\WC360\WC360\dist\out-tsc\src\models\Fixture.js
C:\Projects\WC360\WC360\dist\out-tsc\src\models\Fixture.js.map
C:\Projects\WC360\WC360\dist\out-tsc\src\round\round.component.js
C:\Projects\WC360\WC360\dist\out-tsc\src\round\round.component.js.map
C:\Projects\WC360\WC360\dist\out-tsc\src\navmenu\navmenu.component.js
C:\Projects\WC360\WC360\dist\out-tsc\src\navmenu\navmenu.component.js.map
C:\Projects\WC360\WC360\dist\out-tsc\src\models\Round.js
C:\Projects\WC360\WC360\dist\out-tsc\src\models\Round.js.map
C:\Projects\WC360\WC360\dist\out-tsc\src\home\home.component.js
C:\Projects\WC360\WC360\dist\out-tsc\src\home\home.component.js.map
C:\Projects\WC360\WC360\dist\out-tsc\src\ranking\ranking.component.js
C:\Projects\WC360\WC360\dist\out-tsc\src\ranking\ranking.component.js.map
C:\Projects\WC360\WC360\dist\out-tsc\src\bet\bet.component.js
C:\Projects\WC360\WC360\dist\out-tsc\src\bet\bet.component.js.map
C:\Projects\WC360\WC360\dist\out-tsc\src\authservice\token.interceptor.js
C:\Projects\WC360\WC360\dist\out-tsc\src\authservice\token.interceptor.js.map
C:\Projects\WC360\WC360\dist\out-tsc\src\login\login.component.js
C:\Projects\WC360\WC360\dist\out-tsc\src\login\login.component.js.map
C:\Projects\WC360\WC360\dist\out-tsc\src\authservice\loginactivate.guard.js
C:\Projects\WC360\WC360\dist\out-tsc\src\authservice\loginactivate.guard.js.map
C:\Projects\WC360\WC360\dist\out-tsc\src\bet\roundteam\roundteam.component.js
C:\Projects\WC360\WC360\dist\out-tsc\src\bet\roundteam\roundteam.component.js.map
C:\Projects\WC360\WC360\dist\out-tsc\src\bet\winnerteam\winnerteam.component.js
C:\Projects\WC360\WC360\dist\out-tsc\src\bet\winnerteam\winnerteam.component.js.map
C:\Projects\WC360\WC360\dist\out-tsc\src\bet\qualifteam\qualifteam.component.js
C:\Projects\WC360\WC360\dist\out-tsc\src\bet\qualifteam\qualifteam.component.js.map
C:\Projects\WC360\WC360\dist\out-tsc\src\app\app.module.js
C:\Projects\WC360\WC360\dist\out-tsc\src\app\app.module.js.map
C:\Projects\WC360\WC360\dist\out-tsc\src\environments\environment.js
C:\Projects\WC360\WC360\dist\out-tsc\src\environments\environment.js.map
C:\Projects\WC360\WC360\dist\out-tsc\src\main.js
C:\Projects\WC360\WC360\dist\out-tsc\src\main.js.map
C:\Projects\WC360\WC360\dist\out-tsc\src\polyfills.js
C:\Projects\WC360\WC360\dist\out-tsc\src\polyfills.js.map
C:\Projects\WC360\WC360\dist\out-tsc\src\test.js
C:\Projects\WC360\WC360\dist\out-tsc\src\test.js.map
C:\Projects\WC360\WC360\dist\out-tsc\src\environments\environment.prod.js
C:\Projects\WC360\WC360\dist\out-tsc\src\environments\environment.prod.js.map
C:\Projects\WC360\WC360\dist\out-tsc\src\app\app.component.spec.js
C:\Projects\WC360\WC360\dist\out-tsc\src\app\app.component.spec.js.map
C:\Projects\WC360\WC360\dist\out-tsc\e2e\src\app.po.js
C:\Projects\WC360\WC360\dist\out-tsc\e2e\src\app.po.js.map
C:\Projects\WC360\WC360\dist\out-tsc\e2e\src\app.e2e-spec.js
C:\Projects\WC360\WC360\dist\out-tsc\e2e\src\app.e2e-spec.js.map
C:\Projects\WC360\WC360\dist\out-tsc\src\app\app.component.js
C:\Projects\WC360\WC360\dist\out-tsc\src\app\app.component.js.map
C:\Projects\WC360\WC360\dist\out-tsc\src\models\Bet.js
C:\Projects\WC360\WC360\dist\out-tsc\src\models\Bet.js.map
C:\Projects\WC360\WC360\dist\out-tsc\src\models\Player.js
C:\Projects\WC360\WC360\dist\out-tsc\src\models\Player.js.map
C:\Projects\WC360\WC360\dist\out-tsc\src\authservice\auth.service.js
C:\Projects\WC360\WC360\dist\out-tsc\src\authservice\auth.service.js.map
C:\Projects\WC360\WC360\dist\out-tsc\src\fixture\fixture.component.js
C:\Projects\WC360\WC360\dist\out-tsc\src\fixture\fixture.component.js.map
C:\Projects\WC360\WC360\dist\out-tsc\src\models\Team.js
C:\Projects\WC360\WC360\dist\out-tsc\src\models\Team.js.map
C:\Projects\WC360\WC360\dist\out-tsc\src\models\Fixture.js
C:\Projects\WC360\WC360\dist\out-tsc\src\models\Fixture.js.map
C:\Projects\WC360\WC360\dist\out-tsc\src\round\round.component.js
C:\Projects\WC360\WC360\dist\out-tsc\src\round\round.component.js.map
C:\Projects\WC360\WC360\dist\out-tsc\src\navmenu\navmenu.component.js
C:\Projects\WC360\WC360\dist\out-tsc\src\navmenu\navmenu.component.js.map
C:\Projects\WC360\WC360\dist\out-tsc\src\models\Round.js
C:\Projects\WC360\WC360\dist\out-tsc\src\models\Round.js.map
C:\Projects\WC360\WC360\dist\out-tsc\src\home\home.component.js
C:\Projects\WC360\WC360\dist\out-tsc\src\home\home.component.js.map
C:\Projects\WC360\WC360\dist\out-tsc\src\ranking\ranking.component.js
C:\Projects\WC360\WC360\dist\out-tsc\src\ranking\ranking.component.js.map
C:\Projects\WC360\WC360\dist\out-tsc\src\bet\bet.component.js
C:\Projects\WC360\WC360\dist\out-tsc\src\bet\bet.component.js.map
C:\Projects\WC360\WC360\dist\out-tsc\src\authservice\token.interceptor.js
C:\Projects\WC360\WC360\dist\out-tsc\src\authservice\token.interceptor.js.map
C:\Projects\WC360\WC360\dist\out-tsc\src\login\login.component.js
C:\Projects\WC360\WC360\dist\out-tsc\src\login\login.component.js.map
C:\Projects\WC360\WC360\dist\out-tsc\src\authservice\loginactivate.guard.js
C:\Projects\WC360\WC360\dist\out-tsc\src\authservice\loginactivate.guard.js.map
C:\Projects\WC360\WC360\dist\out-tsc\src\bet\roundteam\roundteam.component.js
C:\Projects\WC360\WC360\dist\out-tsc\src\bet\roundteam\roundteam.component.js.map
C:\Projects\WC360\WC360\dist\out-tsc\src\bet\winnerteam\winnerteam.component.js
C:\Projects\WC360\WC360\dist\out-tsc\src\bet\winnerteam\winnerteam.component.js.map
C:\Projects\WC360\WC360\dist\out-tsc\src\bet\qualifteam\qualifteam.component.js
C:\Projects\WC360\WC360\dist\out-tsc\src\bet\qualifteam\qualifteam.component.js.map
C:\Projects\WC360\WC360\dist\out-tsc\src\app\app.module.js
C:\Projects\WC360\WC360\dist\out-tsc\src\app\app.module.js.map
C:\Projects\WC360\WC360\dist\out-tsc\src\environments\environment.js
C:\Projects\WC360\WC360\dist\out-tsc\src\environments\environment.js.map
C:\Projects\WC360\WC360\dist\out-tsc\src\main.js
C:\Projects\WC360\WC360\dist\out-tsc\src\main.js.map
C:\Projects\WC360\WC360\dist\out-tsc\src\polyfills.js
C:\Projects\WC360\WC360\dist\out-tsc\src\polyfills.js.map
C:\Projects\WC360\WC360\dist\out-tsc\src\test.js
C:\Projects\WC360\WC360\dist\out-tsc\src\test.js.map
C:\Projects\WC360\WC360\dist\out-tsc\src\environments\environment.prod.js
C:\Projects\WC360\WC360\dist\out-tsc\src\environments\environment.prod.js.map
C:\Projects\WC360\WC360\dist\out-tsc\src\app\app.component.spec.js
C:\Projects\WC360\WC360\dist\out-tsc\src\app\app.component.spec.js.map
C:\Projects\WC360\WC360\dist\out-tsc\e2e\src\app.po.js
C:\Projects\WC360\WC360\dist\out-tsc\e2e\src\app.po.js.map
C:\Projects\WC360\WC360\dist\out-tsc\e2e\src\app.e2e-spec.js
C:\Projects\WC360\WC360\dist\out-tsc\e2e\src\app.e2e-spec.js.map
C:\Projects\WC360\WC360\dist\out-tsc\src\app\app.component.js
C:\Projects\WC360\WC360\dist\out-tsc\src\app\app.component.js.map
C:\Projects\WC360\WC360\dist\out-tsc\src\models\Bet.js
C:\Projects\WC360\WC360\dist\out-tsc\src\models\Bet.js.map
C:\Projects\WC360\WC360\dist\out-tsc\src\models\Player.js
C:\Projects\WC360\WC360\dist\out-tsc\src\models\Player.js.map
C:\Projects\WC360\WC360\dist\out-tsc\src\authservice\auth.service.js
C:\Projects\WC360\WC360\dist\out-tsc\src\authservice\auth.service.js.map
C:\Projects\WC360\WC360\dist\out-tsc\src\fixture\fixture.component.js
C:\Projects\WC360\WC360\dist\out-tsc\src\fixture\fixture.component.js.map
C:\Projects\WC360\WC360\dist\out-tsc\src\models\Team.js
C:\Projects\WC360\WC360\dist\out-tsc\src\models\Team.js.map
C:\Projects\WC360\WC360\dist\out-tsc\src\models\Fixture.js
C:\Projects\WC360\WC360\dist\out-tsc\src\models\Fixture.js.map
C:\Projects\WC360\WC360\dist\out-tsc\src\round\round.component.js
C:\Projects\WC360\WC360\dist\out-tsc\src\round\round.component.js.map
C:\Projects\WC360\WC360\dist\out-tsc\src\navmenu\navmenu.component.js
C:\Projects\WC360\WC360\dist\out-tsc\src\navmenu\navmenu.component.js.map
C:\Projects\WC360\WC360\dist\out-tsc\src\models\Round.js
C:\Projects\WC360\WC360\dist\out-tsc\src\models\Round.js.map
C:\Projects\WC360\WC360\dist\out-tsc\src\home\home.component.js
C:\Projects\WC360\WC360\dist\out-tsc\src\home\home.component.js.map
C:\Projects\WC360\WC360\dist\out-tsc\src\ranking\ranking.component.js
C:\Projects\WC360\WC360\dist\out-tsc\src\ranking\ranking.component.js.map
C:\Projects\WC360\WC360\dist\out-tsc\src\bet\bet.component.js
C:\Projects\WC360\WC360\dist\out-tsc\src\bet\bet.component.js.map
C:\Projects\WC360\WC360\dist\out-tsc\src\authservice\token.interceptor.js
C:\Projects\WC360\WC360\dist\out-tsc\src\authservice\token.interceptor.js.map
C:\Projects\WC360\WC360\dist\out-tsc\src\login\login.component.js
C:\Projects\WC360\WC360\dist\out-tsc\src\login\login.component.js.map
C:\Projects\WC360\WC360\dist\out-tsc\src\authservice\loginactivate.guard.js
C:\Projects\WC360\WC360\dist\out-tsc\src\authservice\loginactivate.guard.js.map
C:\Projects\WC360\WC360\dist\out-tsc\src\bet\roundteam\roundteam.component.js
C:\Projects\WC360\WC360\dist\out-tsc\src\bet\roundteam\roundteam.component.js.map
C:\Projects\WC360\WC360\dist\out-tsc\src\bet\winnerteam\winnerteam.component.js
C:\Projects\WC360\WC360\dist\out-tsc\src\bet\winnerteam\winnerteam.component.js.map
C:\Projects\WC360\WC360\dist\out-tsc\src\bet\qualifteam\qualifteam.component.js
C:\Projects\WC360\WC360\dist\out-tsc\src\bet\qualifteam\qualifteam.component.js.map
C:\Projects\WC360\WC360\dist\out-tsc\src\app\app.module.js
C:\Projects\WC360\WC360\dist\out-tsc\src\app\app.module.js.map
C:\Projects\WC360\WC360\dist\out-tsc\src\environments\environment.js
C:\Projects\WC360\WC360\dist\out-tsc\src\environments\environment.js.map
C:\Projects\WC360\WC360\dist\out-tsc\src\main.js
C:\Projects\WC360\WC360\dist\out-tsc\src\main.js.map
C:\Projects\WC360\WC360\dist\out-tsc\src\polyfills.js
C:\Projects\WC360\WC360\dist\out-tsc\src\polyfills.js.map
C:\Projects\WC360\WC360\dist\out-tsc\src\test.js
C:\Projects\WC360\WC360\dist\out-tsc\src\test.js.map
C:\Projects\WC360\WC360\dist\out-tsc\src\environments\environment.prod.js
C:\Projects\WC360\WC360\dist\out-tsc\src\environments\environment.prod.js.map
C:\Projects\WC360\WC360\dist\out-tsc\src\app\app.component.spec.js
C:\Projects\WC360\WC360\dist\out-tsc\src\app\app.component.spec.js.map
C:\Projects\WC360\WC360\dist\out-tsc\e2e\src\app.po.js
C:\Projects\WC360\WC360\dist\out-tsc\e2e\src\app.po.js.map
C:\Projects\WC360\WC360\dist\out-tsc\e2e\src\app.e2e-spec.js
C:\Projects\WC360\WC360\dist\out-tsc\e2e\src\app.e2e-spec.js.map
C:\Projects\WC360\WC360\dist\out-tsc\src\app\app.component.js
C:\Projects\WC360\WC360\dist\out-tsc\src\app\app.component.js.map
C:\Projects\WC360\WC360\dist\out-tsc\src\models\Bet.js
C:\Projects\WC360\WC360\dist\out-tsc\src\models\Bet.js.map
C:\Projects\WC360\WC360\dist\out-tsc\src\models\Player.js
C:\Projects\WC360\WC360\dist\out-tsc\src\models\Player.js.map
C:\Projects\WC360\WC360\dist\out-tsc\src\authservice\auth.service.js
C:\Projects\WC360\WC360\dist\out-tsc\src\authservice\auth.service.js.map
C:\Projects\WC360\WC360\dist\out-tsc\src\fixture\fixture.component.js
C:\Projects\WC360\WC360\dist\out-tsc\src\fixture\fixture.component.js.map
C:\Projects\WC360\WC360\dist\out-tsc\src\models\Team.js
C:\Projects\WC360\WC360\dist\out-tsc\src\models\Team.js.map
C:\Projects\WC360\WC360\dist\out-tsc\src\models\Fixture.js
C:\Projects\WC360\WC360\dist\out-tsc\src\models\Fixture.js.map
C:\Projects\WC360\WC360\dist\out-tsc\src\round\round.component.js
C:\Projects\WC360\WC360\dist\out-tsc\src\round\round.component.js.map
C:\Projects\WC360\WC360\dist\out-tsc\src\navmenu\navmenu.component.js
C:\Projects\WC360\WC360\dist\out-tsc\src\navmenu\navmenu.component.js.map
C:\Projects\WC360\WC360\dist\out-tsc\src\models\Round.js
C:\Projects\WC360\WC360\dist\out-tsc\src\models\Round.js.map
C:\Projects\WC360\WC360\dist\out-tsc\src\home\home.component.js
C:\Projects\WC360\WC360\dist\out-tsc\src\home\home.component.js.map
C:\Projects\WC360\WC360\dist\out-tsc\src\ranking\ranking.component.js
C:\Projects\WC360\WC360\dist\out-tsc\src\ranking\ranking.component.js.map
C:\Projects\WC360\WC360\dist\out-tsc\src\bet\bet.component.js
C:\Projects\WC360\WC360\dist\out-tsc\src\bet\bet.component.js.map
C:\Projects\WC360\WC360\dist\out-tsc\src\authservice\token.interceptor.js
C:\Projects\WC360\WC360\dist\out-tsc\src\authservice\token.interceptor.js.map
C:\Projects\WC360\WC360\dist\out-tsc\src\login\login.component.js
C:\Projects\WC360\WC360\dist\out-tsc\src\login\login.component.js.map
C:\Projects\WC360\WC360\dist\out-tsc\src\authservice\loginactivate.guard.js
C:\Projects\WC360\WC360\dist\out-tsc\src\authservice\loginactivate.guard.js.map
C:\Projects\WC360\WC360\dist\out-tsc\src\bet\roundteam\roundteam.component.js
C:\Projects\WC360\WC360\dist\out-tsc\src\bet\roundteam\roundteam.component.js.map
C:\Projects\WC360\WC360\dist\out-tsc\src\bet\winnerteam\winnerteam.component.js
C:\Projects\WC360\WC360\dist\out-tsc\src\bet\winnerteam\winnerteam.component.js.map
C:\Projects\WC360\WC360\dist\out-tsc\src\bet\qualifteam\qualifteam.component.js
C:\Projects\WC360\WC360\dist\out-tsc\src\bet\qualifteam\qualifteam.component.js.map
C:\Projects\WC360\WC360\dist\out-tsc\src\app\app.module.js
C:\Projects\WC360\WC360\dist\out-tsc\src\app\app.module.js.map
C:\Projects\WC360\WC360\dist\out-tsc\src\environments\environment.js
C:\Projects\WC360\WC360\dist\out-tsc\src\environments\environment.js.map
C:\Projects\WC360\WC360\dist\out-tsc\src\main.js
C:\Projects\WC360\WC360\dist\out-tsc\src\main.js.map
C:\Projects\WC360\WC360\dist\out-tsc\src\polyfills.js
C:\Projects\WC360\WC360\dist\out-tsc\src\polyfills.js.map
C:\Projects\WC360\WC360\dist\out-tsc\src\test.js
C:\Projects\WC360\WC360\dist\out-tsc\src\test.js.map
C:\Projects\WC360\WC360\dist\out-tsc\src\environments\environment.prod.js
C:\Projects\WC360\WC360\dist\out-tsc\src\environments\environment.prod.js.map
C:\Projects\WC360\WC360\dist\out-tsc\src\app\app.component.spec.js
C:\Projects\WC360\WC360\dist\out-tsc\src\app\app.component.spec.js.map
C:\Projects\WC360\WC360\dist\out-tsc\e2e\src\app.po.js
C:\Projects\WC360\WC360\dist\out-tsc\e2e\src\app.po.js.map
C:\Projects\WC360\WC360\dist\out-tsc\e2e\src\app.e2e-spec.js
C:\Projects\WC360\WC360\dist\out-tsc\e2e\src\app.e2e-spec.js.map
